<?xml version="1.0" encoding="UTF-8"?>
<!-- Generated by org.testng.reporters.JUnitReportReporter -->
<testsuite skipped="0" hostname="LAPTOP-KS2EA90G" name="com.project_name.testscripts.SignIn" tests="1" failures="0" timestamp="03 May 2021 16:41:56 GMT" time="71.894" errors="0">
  <testcase name="test1" time="71.894" classname="com.project_name.testscripts.SignIn"/>
</testsuite> <!-- com.project_name.testscripts.SignIn -->
