<?xml version="1.0" encoding="UTF-8"?>
<!-- Generated by org.testng.reporters.JUnitReportReporter -->
<testsuite skipped="0" hostname="LAPTOP-KS2EA90G" name="com.project_name.testscripts.AddProduct" tests="1" failures="0" timestamp="01 May 2021 11:06:33 GMT" time="21.945" errors="0">
  <testcase name="test2" time="21.945" classname="com.project_name.testscripts.AddProduct"/>
</testsuite> <!-- com.project_name.testscripts.AddProduct -->
